<?xml version="1.0" encoding="UTF-8"?>

<mule xmlns:xsi="http://www.w3.org/2001/XMLSchema-instance"
	xmlns:munit="http://www.mulesoft.org/schema/mule/munit" xmlns:munit-tools="http://www.mulesoft.org/schema/mule/munit-tools"
	xmlns="http://www.mulesoft.org/schema/mule/core" xmlns:doc="http://www.mulesoft.org/schema/mule/documentation"
	xsi:schemaLocation="
		http://www.mulesoft.org/schema/mule/core http://www.mulesoft.org/schema/mule/core/current/mule.xsd
		http://www.mulesoft.org/schema/mule/munit http://www.mulesoft.org/schema/mule/munit/current/mule-munit.xsd
		http://www.mulesoft.org/schema/mule/munit-tools  http://www.mulesoft.org/schema/mule/munit-tools/current/mule-munit-tools.xsd">
	<munit:config name="test-munit-test-suite.xml" />
	<munit:test name="test-munit-test-suite-test-munitFlowTest" doc:id="178b12f7-aeb8-422d-99d0-d8f506f7b1b6" description="Test">
		<munit:execution >
			<flow-ref doc:name="Flow-ref to test-munitFlow" doc:id="00de29c4-2c78-44fc-a1b7-f3e765a8a14d" name="test-munitFlow"/>
		</munit:execution>
		<munit:validation >
			<munit-tools:assert-that doc:name="Assert that" doc:id="e1b10d55-88c0-4e09-bf5f-b154a34d39e6" expression="#[payload]" is="#[MunitTools::notNullValue()]"/>
		</munit:validation>
	</munit:test>


</mule>
